生成启动时间为 2018/1/11 17:55:47。
     1>项目“C:\Users\Administrator\Documents\Visual Studio 2010\Projects\CompilerHomework\CompilerHomework\CompilerHomework.vcxproj”在节点 2 上(build 个目标)。
     1>InitializeBuildStatus:
         正在对“Debug\CompilerHomework.unsuccessfulbuild”执行 Touch 任务。
       ClCompile:
         所有输出均为最新。
       ResourceCompile:
         所有输出均为最新。
       Link:
         E:\vs\VC\bin\link.exe /ERRORREPORT:PROMPT /OUT:"C:\Users\Administrator\Documents\Visual Studio 2010\Projects\CompilerHomework\Debug\CompilerHomework.exe" /NOLOGO kernel32.lib user32.lib gdi32.lib winspool.lib comdlg32.lib advapi32.lib shell32.lib ole32.lib oleaut32.lib uuid.lib odbc32.lib odbccp32.lib /MANIFEST /ManifestFile:"Debug\CompilerHomework.exe.intermediate.manifest" /MANIFESTUAC:"level='asInvoker' uiAccess='false'" /DEBUG /PDB:"C:\Users\Administrator\Documents\Visual Studio 2010\Projects\CompilerHomework\Debug\CompilerHomework.pdb" /TLBID:1 /DYNAMICBASE /NXCOMPAT /IMPLIB:"C:\Users\Administrator\Documents\Visual Studio 2010\Projects\CompilerHomework\Debug\CompilerHomework.lib" /MACHINE:X86 Debug\CompilerHomework.res
         Debug\LexicalAnalyzer.obj
         CompilerHomework.vcxproj -> C:\Users\Administrator\Documents\Visual Studio 2010\Projects\CompilerHomework\Debug\CompilerHomework.exe
       Manifest:
         C:\Program Files (x86)\Microsoft SDKs\Windows\v7.0A\bin\mt.exe /nologo /verbose /outputresource:"C:\Users\Administrator\Documents\Visual Studio 2010\Projects\CompilerHomework\Debug\CompilerHomework.exe;#1" /manifest Debug\CompilerHomework.exe.intermediate.manifest
       FinalizeBuildStatus:
         正在删除文件“Debug\CompilerHomework.unsuccessfulbuild”。
         正在对“Debug\CompilerHomework.lastbuildstate”执行 Touch 任务。
     1>已完成生成项目“C:\Users\Administrator\Documents\Visual Studio 2010\Projects\CompilerHomework\CompilerHomework\CompilerHomework.vcxproj”(build 个目标)的操作。

生成成功。

已用时间 00:00:00.30
