生成启动时间为 2018/1/11 23:07:06。
     1>项目“C:\Users\Administrator\Documents\Visual Studio 2010\Projects\CompilerHomework2\CompilerHomework2\CompilerHomework2.vcxproj”在节点 2 上(build 个目标)。
     1>InitializeBuildStatus:
         正在创建“Debug\CompilerHomework2.unsuccessfulbuild”，因为已指定“AlwaysCreate”。
       ClCompile:
         E:\vs\VC\bin\CL.exe /c /ZI /nologo /W3 /WX- /Od /Oy- /D _MBCS /Gm /EHsc /RTC1 /MDd /GS /fp:precise /Zc:wchar_t /Zc:forScope /Fo"Debug\\" /Fd"Debug\vc100.pdb" /Gd /TP /analyze- /errorReport:prompt SyntaxParser.cpp
         SyntaxParser.cpp
     1>c:\users\administrator\documents\visual studio 2010\projects\compilerhomework2\compilerhomework2\syntaxparser.cpp(268): warning C4018: “<”: 有符号/无符号不匹配
       Link:
         E:\vs\VC\bin\link.exe /ERRORREPORT:PROMPT /OUT:"C:\Users\Administrator\Documents\Visual Studio 2010\Projects\CompilerHomework2\Debug\CompilerHomework2.exe" /NOLOGO kernel32.lib user32.lib gdi32.lib winspool.lib comdlg32.lib advapi32.lib shell32.lib ole32.lib oleaut32.lib uuid.lib odbc32.lib odbccp32.lib /MANIFEST /ManifestFile:"Debug\CompilerHomework2.exe.intermediate.manifest" /MANIFESTUAC:"level='asInvoker' uiAccess='false'" /DEBUG /PDB:"C:\Users\Administrator\Documents\Visual Studio 2010\Projects\CompilerHomework2\Debug\CompilerHomework2.pdb" /TLBID:1 /DYNAMICBASE /NXCOMPAT /IMPLIB:"C:\Users\Administrator\Documents\Visual Studio 2010\Projects\CompilerHomework2\Debug\CompilerHomework2.lib" /MACHINE:X86 Debug\SyntaxParser.obj
         LINK : 没有找到 C:\Users\Administrator\Documents\Visual Studio 2010\Projects\CompilerHomework2\Debug\CompilerHomework2.exe 或上一个增量链接没有生成它；正在执行完全链接
         CompilerHomework2.vcxproj -> C:\Users\Administrator\Documents\Visual Studio 2010\Projects\CompilerHomework2\Debug\CompilerHomework2.exe
       Manifest:
         C:\Program Files (x86)\Microsoft SDKs\Windows\v7.0A\bin\mt.exe /nologo /verbose /outputresource:"C:\Users\Administrator\Documents\Visual Studio 2010\Projects\CompilerHomework2\Debug\CompilerHomework2.exe;#1" /manifest Debug\CompilerHomework2.exe.intermediate.manifest
       FinalizeBuildStatus:
         正在删除文件“Debug\CompilerHomework2.unsuccessfulbuild”。
         正在对“Debug\CompilerHomework2.lastbuildstate”执行 Touch 任务。
     1>已完成生成项目“C:\Users\Administrator\Documents\Visual Studio 2010\Projects\CompilerHomework2\CompilerHomework2\CompilerHomework2.vcxproj”(build 个目标)的操作。

生成成功。

已用时间 00:00:01.08
